<?xml version="1.0" encoding="UTF-8"?>
<!-- Generated by org.testng.reporters.JUnitXMLReporter -->
<testsuite ignored="0" hostname="LAPTOP-4TCE2O8E" failures="0" tests="3" name="Default test" time="57.514" errors="0" timestamp="28 Feb 2023 00:21:33 GMT">
  <testcase classname="eCommerce.test.SubmitOrderTest" name="submitOrder" time="15.037"/>
  <testcase classname="eCommerce.test.SubmitOrderTest" name="submitOrder" time="16.846"/>
  <testcase classname="eCommerce.test.SubmitOrderTest" name="OrderHistoryTest" time="1.976"/>
</testsuite> <!-- Default test -->
